<?xml version="1.0" encoding="UTF-8" ?>
<testsuite errors="0" failures="0" hostname="jotadeveloper-desktop" name="org.encuestame.core.persistence.dao.TestSecGroupDaoImp" tests="2" time="0.091" timestamp="2009-10-31T06:12:32">
  <properties>
[...]
</properties>
  <testcase classname="org.encuestame.core.persistence.dao.TestSecGroupDaoImp" name="TestCreateGroup" time="0.024" />
  <testcase classname="org.encuestame.core.persistence.dao.TestSecGroupDaoImp" name="TestDeleteGroup" time="0.032" />
  <system-out><![CDATA[]]></system-out>
  <system-err><![CDATA[]]></system-err>
</testsuite>
